<?xml version="1.0" encoding="UTF-8"?>
<!-- Generated by org.testng.reporters.JUnitReportReporter -->
<testsuite hostname="DESKTOP-1TN4REB" failures="0" tests="1" name="FifthTest" time="14.664" errors="0" timestamp="19 velj 2021 19:02:27 GMT" skipped="0">
  <testcase classname="FifthTest" name="changeProfileDataTest" time="14.664"/>
</testsuite> <!-- FifthTest -->
