<?xml version="1.0" encoding="UTF-8"?>
<!-- Generated by org.testng.reporters.JUnitReportReporter -->
<testsuite hostname="DESKTOP-1TN4REB" failures="0" tests="1" name="SecondTest" time="7.066" errors="0" timestamp="26 velj 2021 21:52:07 GMT" skipped="0">
  <testcase classname="SecondTest" name="addToShoppingCartTest" time="7.066"/>
</testsuite> <!-- SecondTest -->
