<?xml version="1.0" encoding="UTF-8"?>
<!-- Generated by org.testng.reporters.JUnitReportReporter -->
<<<<<<< HEAD
<testsuite hostname="DESKTOP-1TN4REB" failures="0" tests="1" name="FourthTest" time="11.415" errors="0" timestamp="20 velj 2021 23:58:15 GMT" skipped="0">
  <testcase classname="FourthTest" name="addRemoveItemsInShoppingCartTest" time="11.415"/>
=======
<testsuite hostname="DESKTOP-1TN4REB" failures="0" tests="1" name="FourthTest" time="10.007" errors="0" timestamp="26 velj 2021 21:52:07 GMT" skipped="0">
  <testcase classname="FourthTest" name="addRemoveItemsInShoppingCartTest" time="10.007"/>
>>>>>>> development
</testsuite> <!-- FourthTest -->
