<?xml version="1.0" encoding="UTF-8"?>
<!-- Generated by org.testng.reporters.JUnitReportReporter -->
<testsuite hostname="DESKTOP-1TN4REB" failures="0" tests="1" name="FifthTest" time="10.357" errors="0" timestamp="20 velj 2021 23:58:15 GMT" skipped="0">
  <testcase classname="FifthTest" name="changeProfileDataTest" time="10.357"/>
</testsuite> <!-- FifthTest -->
