<?xml version="1.0" encoding="UTF-8"?>
<!-- Generated by org.testng.reporters.JUnitReportReporter -->
<<<<<<< HEAD
<testsuite hostname="DESKTOP-1TN4REB" failures="0" tests="1" name="ThirdTest" time="10.384" errors="0" timestamp="20 velj 2021 23:58:15 GMT" skipped="0">
  <testcase classname="ThirdTest" name="addTwoItemsToShoppingCartTest" time="10.384"/>
=======
<testsuite hostname="DESKTOP-1TN4REB" failures="0" tests="1" name="ThirdTest" time="7.690" errors="0" timestamp="26 velj 2021 21:52:07 GMT" skipped="0">
  <testcase classname="ThirdTest" name="addTwoItemsToShoppingCartTest" time="7.690"/>
>>>>>>> development
</testsuite> <!-- ThirdTest -->
