<?xml version="1.0" encoding="UTF-8"?>
<!-- Generated by org.testng.reporters.JUnitReportReporter -->
<<<<<<< HEAD
<testsuite hostname="DESKTOP-1TN4REB" failures="0" tests="1" name="FifthTest" time="10.357" errors="0" timestamp="20 velj 2021 23:58:15 GMT" skipped="0">
  <testcase classname="FifthTest" name="changeProfileDataTest" time="10.357"/>
=======
<testsuite hostname="DESKTOP-1TN4REB" failures="0" tests="1" name="FifthTest" time="7.754" errors="0" timestamp="26 velj 2021 21:52:07 GMT" skipped="0">
  <testcase classname="FifthTest" name="changeProfileDataTest" time="7.754"/>
>>>>>>> development
</testsuite> <!-- FifthTest -->
