<?xml version="1.0" encoding="UTF-8"?>
<!-- Generated by org.testng.reporters.JUnitReportReporter -->
<testsuite hostname="DESKTOP-1TN4REB" failures="0" tests="1" name="FirstTest" time="7.495" errors="0" timestamp="26 velj 2021 21:52:07 GMT" skipped="0">
  <testcase classname="FirstTest" name="logInTest" time="7.495"/>
</testsuite> <!-- FirstTest -->
