<?xml version="1.0" encoding="UTF-8"?>
<!-- Generated by org.testng.reporters.JUnitReportReporter -->
<testsuite hostname="DESKTOP-1TN4REB" failures="0" tests="1" name="SecondTest" time="10.789" errors="0" timestamp="19 velj 2021 19:02:27 GMT" skipped="0">
  <testcase classname="SecondTest" name="addToShoppingCartTest" time="10.789"/>
</testsuite> <!-- SecondTest -->
