<?xml version="1.0" encoding="UTF-8"?>
<!-- Generated by org.testng.reporters.JUnitReportReporter -->
<testsuite hostname="DESKTOP-1TN4REB" failures="0" tests="1" name="FourthTest" time="13.641" errors="0" timestamp="19 velj 2021 19:02:27 GMT" skipped="0">
  <testcase classname="FourthTest" name="addRemoveItemsInShoppingCartTest" time="13.641"/>
</testsuite> <!-- FourthTest -->
